[github.com/flipped-aurora/gin-vue-admin/server]2023/04/04 - 00:09:09.331	[31merror[0m	/Users/jiang/go/src/my_admin/server/core/server.go:41	accept tcp [::]:8888: use of closed network connection
[github.com/flipped-aurora/gin-vue-admin/server]2023/04/04 - 14:16:09.826	[31merror[0m	/Users/jiang/go/src/my_admin/server/core/server.go:41	net.Listen error: listen tcp :8888: bind: address already in use
[github.com/flipped-aurora/gin-vue-admin/server]2023/04/04 - 14:29:27.891	[31merror[0m	/Users/jiang/go/src/my_admin/server/api/v1/system/sys_menu.go:142	添加失败!	{"error": "存在重复name，请修改name"}
[github.com/flipped-aurora/gin-vue-admin/server]2023/04/04 - 14:33:39.606	[31merror[0m	/Users/jiang/go/src/my_admin/server/core/server.go:41	net.Listen error: listen tcp :8888: bind: address already in use
[github.com/flipped-aurora/gin-vue-admin/server]2023/04/04 - 14:35:00.389	[31merror[0m	/Users/jiang/go/src/my_admin/server/core/server.go:41	net.Listen error: listen tcp :8888: bind: address already in use
[github.com/flipped-aurora/gin-vue-admin/server]2023/04/04 - 14:35:13.086	[31merror[0m	/Users/jiang/go/src/my_admin/server/core/server.go:41	accept tcp [::]:8888: use of closed network connection
[github.com/flipped-aurora/gin-vue-admin/server]2023/04/04 - 14:49:20.908	[31merror[0m	/Users/jiang/go/src/my_admin/server/core/server.go:41	accept tcp [::]:8888: use of closed network connection
[github.com/flipped-aurora/gin-vue-admin/server]2023/04/04 - 14:51:29.091	[31merror[0m	/Users/jiang/go/src/my_admin/server/core/server.go:41	accept tcp [::]:8888: use of closed network connection
[github.com/flipped-aurora/gin-vue-admin/server]2023/04/04 - 15:24:12.772	[31merror[0m	/Users/jiang/go/src/my_admin/server/api/v1/suser/suser.go:26	获取失败!	{"error": "Error 1054: Unknown column 's_user.deleted_at' in 'where clause'"}
[github.com/flipped-aurora/gin-vue-admin/server]2023/04/04 - 15:27:22.575	[31merror[0m	/Users/jiang/go/src/my_admin/server/api/v1/suser/suser.go:26	获取失败!	{"error": "Error 1054: Unknown column 's_user.deleted_at' in 'where clause'"}
[github.com/flipped-aurora/gin-vue-admin/server]2023/04/04 - 15:27:28.508	[31merror[0m	/Users/jiang/go/src/my_admin/server/core/server.go:41	accept tcp [::]:8888: use of closed network connection
[github.com/flipped-aurora/gin-vue-admin/server]2023/04/04 - 15:29:02.096	[31merror[0m	/Users/jiang/go/src/my_admin/server/core/server.go:41	accept tcp [::]:8888: use of closed network connection
[github.com/flipped-aurora/gin-vue-admin/server]2023/04/04 - 15:38:55.327	[31merror[0m	/Users/jiang/go/src/my_admin/server/api/v1/sanswer/answer.go:26	获取失败!	{"error": "Error 1054: Unknown column 's_answer_log.deleted_at' in 'where clause'"}
[github.com/flipped-aurora/gin-vue-admin/server]2023/04/04 - 15:39:35.786	[31merror[0m	/Users/jiang/go/src/my_admin/server/core/server.go:41	accept tcp [::]:8888: use of closed network connection
[github.com/flipped-aurora/gin-vue-admin/server]2023/04/04 - 16:01:01.028	[31merror[0m	/Users/jiang/go/src/my_admin/server/core/server.go:41	accept tcp [::]:8888: use of closed network connection
[github.com/flipped-aurora/gin-vue-admin/server]2023/04/04 - 16:03:53.783	[31merror[0m	/Users/jiang/go/src/my_admin/server/core/server.go:41	accept tcp [::]:8888: use of closed network connection
[github.com/flipped-aurora/gin-vue-admin/server]2023/04/04 - 16:04:51.788	[31merror[0m	/Users/jiang/go/src/my_admin/server/core/server.go:41	accept tcp [::]:8888: use of closed network connection
[github.com/flipped-aurora/gin-vue-admin/server]2023/04/04 - 16:07:04.341	[31merror[0m	/Users/jiang/go/src/my_admin/server/core/server.go:41	accept tcp [::]:8888: use of closed network connection
[github.com/flipped-aurora/gin-vue-admin/server]2023/04/04 - 16:16:31.979	[31merror[0m	/Users/jiang/go/src/my_admin/server/api/v1/slike/like.go:26	获取失败!	{"error": "Error 1054: Unknown column 's_like.deleted_at' in 'where clause'"}
[github.com/flipped-aurora/gin-vue-admin/server]2023/04/04 - 16:23:54.368	[31merror[0m	/Users/jiang/go/src/my_admin/server/core/server.go:41	accept tcp [::]:8888: use of closed network connection
[github.com/flipped-aurora/gin-vue-admin/server]2023/04/04 - 16:28:35.140	[31merror[0m	/Users/jiang/go/src/my_admin/server/api/v1/slike/like.go:26	获取失败!	{"error": "Error 1054: Unknown column 'created_at' in 'where clause'"}
[github.com/flipped-aurora/gin-vue-admin/server]2023/04/04 - 16:33:56.418	[31merror[0m	/Users/jiang/go/src/my_admin/server/core/server.go:41	accept tcp [::]:8888: use of closed network connection
[github.com/flipped-aurora/gin-vue-admin/server]2023/04/04 - 16:34:09.989	[31merror[0m	/Users/jiang/go/src/my_admin/server/api/v1/slike/like.go:26	获取失败!	{"error": "Error 1054: Unknown column 'created_at' in 'where clause'"}
[github.com/flipped-aurora/gin-vue-admin/server]2023/04/04 - 16:35:47.125	[31merror[0m	/Users/jiang/go/src/my_admin/server/core/server.go:41	accept tcp [::]:8888: use of closed network connection
[github.com/flipped-aurora/gin-vue-admin/server]2023/04/04 - 16:38:26.221	[31merror[0m	/Users/jiang/go/src/my_admin/server/core/server.go:41	accept tcp [::]:8888: use of closed network connection
[github.com/flipped-aurora/gin-vue-admin/server]2023/04/04 - 16:49:15.671	[31merror[0m	/Users/jiang/go/src/my_admin/server/core/server.go:41	accept tcp [::]:8888: use of closed network connection
[github.com/flipped-aurora/gin-vue-admin/server]2023/04/04 - 18:24:30.876	[31merror[0m	/Users/jiang/go/src/my_admin/server/core/server.go:41	accept tcp [::]:8888: use of closed network connection
[github.com/flipped-aurora/gin-vue-admin/server]2023/04/04 - 18:33:23.524	[31merror[0m	/Users/jiang/go/src/my_admin/server/core/server.go:41	accept tcp [::]:8888: use of closed network connection
[github.com/flipped-aurora/gin-vue-admin/server]2023/04/04 - 18:34:27.902	[31merror[0m	/Users/jiang/go/src/my_admin/server/core/server.go:41	accept tcp [::]:8888: use of closed network connection
[github.com/flipped-aurora/gin-vue-admin/server]2023/04/04 - 18:45:39.577	[31merror[0m	/Users/jiang/go/src/my_admin/server/core/server.go:41	accept tcp [::]:8888: use of closed network connection
[github.com/flipped-aurora/gin-vue-admin/server]2023/04/04 - 18:52:45.991	[31merror[0m	/Users/jiang/go/src/my_admin/server/core/server.go:41	accept tcp [::]:8888: use of closed network connection
[github.com/flipped-aurora/gin-vue-admin/server]2023/04/04 - 21:12:31.192	[31merror[0m	/Users/jiang/go/src/my_admin/server/core/server.go:41	accept tcp [::]:8888: use of closed network connection
